[debug] [2023-07-04T12:14:50.316Z] ----------------------------------------------------------------------
[debug] [2023-07-04T12:14:50.318Z] Command:       C:\Program Files\nodejs\node.exe C:\Users\Ajit Sah\AppData\Roaming\npm\node_modules\firebase-tools\lib\bin\firebase.js functions:shell
[debug] [2023-07-04T12:14:50.319Z] CLI Version:   12.4.2
[debug] [2023-07-04T12:14:50.319Z] Platform:      win32
[debug] [2023-07-04T12:14:50.319Z] Node Version:  v19.5.0
[debug] [2023-07-04T12:14:50.320Z] Time:          Tue Jul 04 2023 17:44:50 GMT+0530 (India Standard Time)
[debug] [2023-07-04T12:14:50.320Z] ----------------------------------------------------------------------
[debug] 
[debug] [2023-07-04T12:14:50.323Z] >>> [apiv2][query] GET https://firebase-public.firebaseio.com/cli.json [none]
[debug] [2023-07-04T12:14:50.429Z] > command requires scopes: ["email","openid","https://www.googleapis.com/auth/cloudplatformprojects.readonly","https://www.googleapis.com/auth/firebase","https://www.googleapis.com/auth/cloud-platform"]
[debug] [2023-07-04T12:14:50.430Z] > authorizing via signed-in user (sahajit119@gmail.com)
[debug] [2023-07-04T12:14:50.430Z] [iam] checking project clone-b7883 for permissions ["firebase.projects.get"]
[debug] [2023-07-04T12:14:50.432Z] > refreshing access token with scopes: []
[debug] [2023-07-04T12:14:50.433Z] >>> [apiv2][query] POST https://www.googleapis.com/oauth2/v3/token [none]
[debug] [2023-07-04T12:14:50.433Z] >>> [apiv2][body] POST https://www.googleapis.com/oauth2/v3/token [omitted]
[debug] [2023-07-04T12:14:51.488Z] <<< [apiv2][status] POST https://www.googleapis.com/oauth2/v3/token 200
[debug] [2023-07-04T12:14:51.489Z] <<< [apiv2][body] POST https://www.googleapis.com/oauth2/v3/token [omitted]
[debug] [2023-07-04T12:14:51.511Z] >>> [apiv2][query] POST https://cloudresourcemanager.googleapis.com/v1/projects/clone-b7883:testIamPermissions [none]
[debug] [2023-07-04T12:14:51.511Z] >>> [apiv2][(partial)header] POST https://cloudresourcemanager.googleapis.com/v1/projects/clone-b7883:testIamPermissions x-goog-quota-user=projects/clone-b7883
[debug] [2023-07-04T12:14:51.512Z] >>> [apiv2][body] POST https://cloudresourcemanager.googleapis.com/v1/projects/clone-b7883:testIamPermissions {"permissions":["firebase.projects.get"]}
[debug] [2023-07-04T12:14:51.669Z] <<< [apiv2][status] GET https://firebase-public.firebaseio.com/cli.json 200
[debug] [2023-07-04T12:14:51.670Z] <<< [apiv2][body] GET https://firebase-public.firebaseio.com/cli.json {"cloudBuildErrorAfter":1594252800000,"cloudBuildWarnAfter":1590019200000,"defaultNode10After":1594252800000,"minVersion":"3.0.5","node8DeploysDisabledAfter":1613390400000,"node8RuntimeDisabledAfter":1615809600000,"node8WarnAfter":1600128000000}
[debug] [2023-07-04T12:14:52.483Z] <<< [apiv2][status] POST https://cloudresourcemanager.googleapis.com/v1/projects/clone-b7883:testIamPermissions 200
[debug] [2023-07-04T12:14:52.483Z] <<< [apiv2][body] POST https://cloudresourcemanager.googleapis.com/v1/projects/clone-b7883:testIamPermissions {"permissions":["firebase.projects.get"]}
[debug] [2023-07-04T12:14:52.489Z] [functions] Functions Emulator only supports listening on one address (127.0.0.1). Not listening on ::1
[debug] [2023-07-04T12:14:52.491Z] defaultcredentials: writing to file C:\Users\Ajit Sah\AppData\Roaming\firebase\sahajit119_gmail_com_application_default_credentials.json
[debug] [2023-07-04T12:14:52.495Z] DEBUG: Setting GAC to C:\Users\Ajit Sah\AppData\Roaming\firebase\sahajit119_gmail_com_application_default_credentials.json
[debug] [2023-07-04T12:14:52.496Z] >>> [apiv2][query] GET https://firebase.googleapis.com/v1beta1/projects/clone-b7883/adminSdkConfig [none]
[debug] [2023-07-04T12:14:53.610Z] <<< [apiv2][status] GET https://firebase.googleapis.com/v1beta1/projects/clone-b7883/adminSdkConfig 200
[debug] [2023-07-04T12:14:53.611Z] <<< [apiv2][body] GET https://firebase.googleapis.com/v1beta1/projects/clone-b7883/adminSdkConfig {"projectId":"clone-b7883","storageBucket":"clone-b7883.appspot.com"}
[debug] [2023-07-04T12:14:53.633Z] [functions] Watching "C:\Users\Ajit Sah\OneDrive\Desktop\Amazon clone\amazon-clone\functions" for Cloud Functions...
[debug] [2023-07-04T12:14:53.639Z] Validating nodejs source
[debug] [2023-07-04T12:14:56.881Z] > [functions] package.json contents: {
  "name": "functions",
  "description": "Cloud Functions for Firebase",
  "scripts": {
    "lint": "eslint .",
    "serve": "firebase emulators:start --only functions",
    "shell": "firebase functions:shell",
    "start": "npm run shell",
    "deploy": "firebase deploy --only functions",
    "logs": "firebase functions:log"
  },
  "engines": {
    "node": "18"
  },
  "main": "index.js",
  "dependencies": {
    "cors": "^2.8.5",
    "express": "^4.18.2",
    "firebase-admin": "^11.8.0",
    "firebase-functions": "^4.3.1",
    "stripe": "^12.11.0"
  },
  "devDependencies": {
    "eslint": "^8.15.0",
    "eslint-config-google": "^0.14.0",
    "firebase-functions-test": "^3.1.0"
  },
  "private": true
}
[debug] [2023-07-04T12:14:56.882Z] Building nodejs source
[debug] [2023-07-04T12:14:56.882Z] Failed to find version of module node: reached end of search path C:\Users\Ajit Sah\OneDrive\Desktop\Amazon clone\amazon-clone\functions\node_modules
[warn] !  functions: Your requested "node" version "18" doesn't match your global version "19". Using node@19 from host. 
[debug] [2023-07-04T12:14:56.887Z] Could not find functions.yaml. Must use http discovery
[debug] [2023-07-04T12:14:56.902Z] Found firebase-functions binary at 'C:\Users\Ajit Sah\OneDrive\Desktop\Amazon clone\amazon-clone\functions\node_modules\.bin\firebase-functions'
[info] Serving at port 8986

[debug] [2023-07-04T12:14:58.049Z] Got response from /__/functions.yaml {"endpoints":{"api":{"platform":"gcfv1","availableMemoryMb":null,"timeoutSeconds":null,"minInstances":null,"maxInstances":null,"ingressSettings":null,"serviceAccountEmail":null,"vpc":null,"httpsTrigger":{},"entryPoint":"api"}},"specVersion":"v1alpha1","requiredAPIs":[]}
[info] shutdown requested via /__/quitquitquit

[debug] [2023-07-04T12:14:58.073Z] [functions] Loaded functions definitions from source: api.
[debug] [2023-07-04T12:14:58.074Z] [functions[us-central1-api]] http function initialized (http://127.0.0.1:5000/clone-b7883/us-central1/api).
[info] i  functions: Loaded functions: api 
[warn] !  functions: The following emulators are not running, calls to these services will affect production: firestore, database, pubsub, storage, eventarc 
[debug] [2023-07-04T12:18:52.824Z] ----------------------------------------------------------------------
[debug] [2023-07-04T12:18:52.827Z] Command:       C:\Program Files\nodejs\node.exe C:\Users\Ajit Sah\AppData\Roaming\npm\node_modules\firebase-tools\lib\bin\firebase.js emulators:start
[debug] [2023-07-04T12:18:52.827Z] CLI Version:   12.4.2
[debug] [2023-07-04T12:18:52.827Z] Platform:      win32
[debug] [2023-07-04T12:18:52.828Z] Node Version:  v19.5.0
[debug] [2023-07-04T12:18:52.828Z] Time:          Tue Jul 04 2023 17:48:52 GMT+0530 (India Standard Time)
[debug] [2023-07-04T12:18:52.828Z] ----------------------------------------------------------------------
[debug] 
[debug] [2023-07-04T12:18:52.932Z] > command requires scopes: ["email","openid","https://www.googleapis.com/auth/cloudplatformprojects.readonly","https://www.googleapis.com/auth/firebase","https://www.googleapis.com/auth/cloud-platform"]
[debug] [2023-07-04T12:18:52.932Z] > authorizing via signed-in user (sahajit119@gmail.com)
[info] i  emulators: Starting emulators: functions {"metadata":{"emulator":{"name":"hub"},"message":"Starting emulators: functions"}}
[debug] [2023-07-04T12:18:52.943Z] [logging] Logging Emulator only supports listening on one address (127.0.0.1). Not listening on ::1
[debug] [2023-07-04T12:18:52.943Z] assigned listening specs for emulators {"user":{"hub":[{"address":"127.0.0.1","family":"IPv4","port":4400},{"address":"::1","family":"IPv6","port":4400}],"ui":[{"address":"127.0.0.1","family":"IPv4","port":4000},{"address":"::1","family":"IPv6","port":4000}],"logging":[{"address":"127.0.0.1","family":"IPv4","port":4500}]},"metadata":{"message":"assigned listening specs for emulators"}}
[debug] [2023-07-04T12:18:52.964Z] [hub] writing locator at C:\Users\AJITSA~1\AppData\Local\Temp\hub-clone-b7883.json
[debug] [2023-07-04T12:18:52.975Z] [functions] Functions Emulator only supports listening on one address (127.0.0.1). Not listening on ::1
[debug] [2023-07-04T12:18:52.975Z] [eventarc] Eventarc Emulator only supports listening on one address (127.0.0.1). Not listening on ::1
[debug] [2023-07-04T12:18:52.975Z] late-assigned ports for functions and eventarc emulators {"user":{"hub":[{"address":"127.0.0.1","family":"IPv4","port":4400},{"address":"::1","family":"IPv6","port":4400}],"ui":[{"address":"127.0.0.1","family":"IPv4","port":4000},{"address":"::1","family":"IPv6","port":4000}],"logging":[{"address":"127.0.0.1","family":"IPv4","port":4500}],"functions":[{"address":"127.0.0.1","family":"IPv4","port":5001}],"eventarc":[{"address":"127.0.0.1","family":"IPv4","port":9299}]},"metadata":{"message":"late-assigned ports for functions and eventarc emulators"}}
[warn] !  functions: The following emulators are not running, calls to these services from the Functions emulator will affect production: auth, firestore, database, hosting, pubsub, storage {"metadata":{"emulator":{"name":"functions"},"message":"The following emulators are not running, calls to these services from the Functions emulator will affect production: \u001b[1mauth, firestore, database, hosting, pubsub, storage\u001b[22m"}}
[debug] [2023-07-04T12:18:52.979Z] defaultcredentials: writing to file C:\Users\Ajit Sah\AppData\Roaming\firebase\sahajit119_gmail_com_application_default_credentials.json
[debug] [2023-07-04T12:18:52.985Z] Setting GAC to C:\Users\Ajit Sah\AppData\Roaming\firebase\sahajit119_gmail_com_application_default_credentials.json {"metadata":{"emulator":{"name":"functions"},"message":"Setting GAC to C:\\Users\\Ajit Sah\\AppData\\Roaming\\firebase\\sahajit119_gmail_com_application_default_credentials.json"}}
[debug] [2023-07-04T12:18:52.987Z] >>> [apiv2][query] GET https://firebase.googleapis.com/v1beta1/projects/clone-b7883/adminSdkConfig [none]
[debug] [2023-07-04T12:18:54.425Z] <<< [apiv2][status] GET https://firebase.googleapis.com/v1beta1/projects/clone-b7883/adminSdkConfig 200
[debug] [2023-07-04T12:18:54.426Z] <<< [apiv2][body] GET https://firebase.googleapis.com/v1beta1/projects/clone-b7883/adminSdkConfig {"projectId":"clone-b7883","storageBucket":"clone-b7883.appspot.com"}
[debug] [2023-07-04T12:18:54.465Z] Ignoring unsupported arg: auto_download {"metadata":{"emulator":{"name":"ui"},"message":"Ignoring unsupported arg: auto_download"}}
[debug] [2023-07-04T12:18:54.465Z] Ignoring unsupported arg: port {"metadata":{"emulator":{"name":"ui"},"message":"Ignoring unsupported arg: port"}}
[debug] [2023-07-04T12:18:54.465Z] Starting Emulator UI with command {"binary":"node","args":["C:\\Users\\Ajit Sah\\.cache\\firebase\\emulators\\ui-v1.11.6\\server\\server.js"],"optionalArgs":[],"joinArgs":false} {"metadata":{"emulator":{"name":"ui"},"message":"Starting Emulator UI with command {\"binary\":\"node\",\"args\":[\"C:\\\\Users\\\\Ajit Sah\\\\.cache\\\\firebase\\\\emulators\\\\ui-v1.11.6\\\\server\\\\server.js\"],\"optionalArgs\":[],\"joinArgs\":false}"}}
[info] i  ui: Emulator UI logging to ui-debug.log {"metadata":{"emulator":{"name":"ui"},"message":"Emulator UI logging to \u001b[1mui-debug.log\u001b[22m"}}
[debug] [2023-07-04T12:18:54.616Z] Web / API server started at 127.0.0.1:4000
 {"metadata":{"emulator":{"name":"ui"},"message":"Web / API server started at 127.0.0.1:4000\n"}}
[debug] [2023-07-04T12:18:54.617Z] Web / API server started at ::1:4000
 {"metadata":{"emulator":{"name":"ui"},"message":"Web / API server started at ::1:4000\n"}}
[info] i  functions: Watching "C:\Users\Ajit Sah\OneDrive\Desktop\Amazon clone\amazon-clone\functions" for Cloud Functions... {"metadata":{"emulator":{"name":"functions"},"message":"Watching \"C:\\Users\\Ajit Sah\\OneDrive\\Desktop\\Amazon clone\\amazon-clone\\functions\" for Cloud Functions..."}}
[debug] [2023-07-04T12:18:54.745Z] Validating nodejs source
[debug] [2023-07-04T12:18:57.424Z] > [functions] package.json contents: {
  "name": "functions",
  "description": "Cloud Functions for Firebase",
  "scripts": {
    "lint": "eslint .",
    "serve": "firebase emulators:start --only functions",
    "shell": "firebase functions:shell",
    "start": "npm run shell",
    "deploy": "firebase deploy --only functions",
    "logs": "firebase functions:log"
  },
  "engines": {
    "node": "18"
  },
  "main": "index.js",
  "dependencies": {
    "cors": "^2.8.5",
    "express": "^4.18.2",
    "firebase-admin": "^11.8.0",
    "firebase-functions": "^4.3.1",
    "stripe": "^12.11.0"
  },
  "devDependencies": {
    "eslint": "^8.15.0",
    "eslint-config-google": "^0.14.0",
    "firebase-functions-test": "^3.1.0"
  },
  "private": true
}
[debug] [2023-07-04T12:18:57.424Z] Building nodejs source
[debug] [2023-07-04T12:18:57.425Z] Failed to find version of module node: reached end of search path C:\Users\Ajit Sah\OneDrive\Desktop\Amazon clone\amazon-clone\functions\node_modules
[warn] !  functions: Your requested "node" version "18" doesn't match your global version "19". Using node@19 from host. 
[debug] [2023-07-04T12:18:57.427Z] Could not find functions.yaml. Must use http discovery
[debug] [2023-07-04T12:18:57.445Z] Found firebase-functions binary at 'C:\Users\Ajit Sah\OneDrive\Desktop\Amazon clone\amazon-clone\functions\node_modules\.bin\firebase-functions'
